开始读入数据......
像对坐标读入完成，共读入15个数据
像对坐标读入完成，共读入8个数据
像对坐标读入完成，共读入11个数据
控制点坐标读入完成，共读入4个数据
检查点坐标读入完成，共读入5个数据
数据读入完成
开始相对定向......
迭代完成 共进行4次迭代
bx=0.2  by=-0.00739963  bz=0.000190889
μ=-0.0369981   v=0.000954446
φ=0.000355999  ω=-0.00203515  κ=0.0584037
迭代完成 共进行4次迭代
bx=0.2  by=0.0185974  bz=0.000247775
μ=0.0929869   v=0.00123888
φ=0.00165128  ω=-0.000995633  κ=0.126354
迭代完成 共进行6次迭代
bx=0.2  by=0.0332131  bz=0.000352163
μ=0.166065   v=0.00176082
φ=0.000770622  ω=0.00268192  κ=0.0906335
相对定向完成
开始建立航带网模型......
比例尺为:8236.86
比例尺归化系数为:
1.03922 0.960157 
航带网模型建立完成
开始模型的绝对定向......
转换参数 :
a= -0.0449191
b= -0.999528
λ= 1.00054
绝对定向元素为:
dx:-1158.74
dy:-1313.63
dz:-984.028
λ:1.00036
φ:-0.00114866
ω:-0.00202942
κ:2.83646e-05
最终大地坐标为:
1201 24205.1 46604.5 46.2447
1818 25167.8 46403.6 46.6247
1202 24941.4 46375.7 46.5556
1204 24369.7 45700.4 47.6149
1203 24945.8 45662.6 47.6615
1205 24343.7 45111.3 48.2444
1206 24964.9 44309.4 49.3152
1052 25158 43968.3 49.6777
410 24612 44163.5 49.4599
399 23730.1 44015 49.5879
192 23785.3 45244.8 48.1442
370 23931.1 46631.3 46.3582
1118 25192.9 46607.6 46.5129
194 25359.3 45282.1 48.1699
-398 25452 43824.8 50.0069
400 22988.9 44074.2 49.7526
1207 23218.3 46347.3 46.756
399 23730.1 44015.6 49.7263
192 23785.3 45244.8 48.186
370 23931.2 46632 46.1761
1209 22167.8 46432.3 46.4624
401 21976.5 43634.1 50.1927
-190 22057.3 45304.2 48.1976
1826 20508.9 46725.8 46.044
402 20300.8 44005.8 49.2826
1055 20570.9 43887.8 49.5548
411 21232.7 44041.4 49.1413
1211 21978.9 45390.9 48.0064
188 20424.4 45514.7 48.0331
1225 20552.6 46393.2 46.4272
1210 21012.4 46176.6 46.9015
1209 22167.6 46432.4 46.4527
401 21976.4 43634 50.191
-190 22057.3 45304.2 48.2086

模型的绝对定向完成
差值为:
1118 -0.330895 0.432428 2.42307
1202 -0.305223 0.249968 -0.0166118
1203 -0.128118 0.0805079 1.39052
1204 -0.176774 0.0116679 1.40514
1207 -0.0428884 -0.203221 2.237
